\BOOKMARK [1][-]{section.1}{\376\377\230\171\166\356\151\202\217\360}{}% 1
\BOOKMARK [2][-]{subsection.1.1}{\376\377\230\171\166\356\200\314\146\157}{section.1}% 2
\BOOKMARK [2][-]{subsection.1.2}{\376\377\142\200\147\057\150\010}{section.1}% 3
\BOOKMARK [2][-]{subsection.1.3}{\376\377\230\171\166\356\162\266\140\001}{section.1}% 4
\BOOKMARK [1][-]{section.2}{\376\377\174\373\176\337\147\266\147\204}{}% 5
\BOOKMARK [2][-]{subsection.2.1}{\376\377\145\164\117\123\147\266\147\204}{section.2}% 6
\BOOKMARK [2][-]{subsection.2.2}{\376\377\176\304\116\366\117\235\215\126\121\163\174\373}{section.2}% 7
\BOOKMARK [1][-]{section.3}{\376\377\172\227\123\343\173\241\164\006\000\040\000\050\000W\000i\000n\000d\000o\000w\000O\000v\000e\000r\000l\000a\000y\000\051}{}% 8
\BOOKMARK [2][-]{subsection.3.1}{\376\377\202\162\225\056\220\017\146\016\123\237\164\006}{section.3}% 9
\BOOKMARK [2][-]{subsection.3.2}{\376\377\160\271\121\373\172\177\220\017\000\040\000\050\000C\000l\000i\000c\000k\000-\000T\000h\000r\000o\000u\000g\000h\000\051}{section.3}% 10
\BOOKMARK [2][-]{subsection.3.3}{\376\377\172\227\123\343\150\067\137\017}{section.3}% 11
\BOOKMARK [1][-]{section.4}{\376\377\162\151\164\006\137\025\144\316\000\040\000\050\000D\000e\000s\000k\000t\000o\000p\000P\000e\000t\000\051}{}% 12
\BOOKMARK [2][-]{subsection.4.1}{\376\377\127\120\150\007\174\373}{section.4}% 13
\BOOKMARK [2][-]{subsection.4.2}{\376\377\162\151\164\006\123\302\145\160}{section.4}% 14
\BOOKMARK [2][-]{subsection.4.3}{\376\377\127\060\227\142\116\373\122\241\162\266\140\001\147\072}{section.4}% 15
\BOOKMARK [2][-]{subsection.4.4}{\376\377\146\202\120\134\000/\140\142\131\015\147\072\122\066}{section.4}% 16
\BOOKMARK [1][-]{section.5}{\376\377\000L\000i\000v\000e\0002\000D\000\040\156\062\147\323\126\150\000\040\000\050\000L\000i\000v\000e\0002\000D\000R\000e\000n\000d\000e\000r\000e\000r\000\051}{}% 17
\BOOKMARK [2][-]{subsection.5.1}{\376\377\151\202\217\360}{section.5}% 18
\BOOKMARK [2][-]{subsection.5.2}{\376\377\165\037\124\175\124\150\147\037}{section.5}% 19
\BOOKMARK [2][-]{subsection.5.3}{\376\377\123\302\145\160\232\161\122\250\174\373\176\337}{section.5}% 20
\BOOKMARK [2][-]{subsection.5.4}{\376\377\172\172\225\362\122\250\117\134\174\373\176\337}{section.5}% 21
\BOOKMARK [2][-]{subsection.5.5}{\376\377\215\160\215\357\122\250\165\073}{section.5}% 22
\BOOKMARK [3][-]{subsubsection.5.5.1}{\376\377\142\147\210\114\230\172\136\217\116\016\000\040\000C\000u\000b\000i\000s\000m\000\040\000P\000h\000y\000s\000i\000c\000s\000\040\123\117\117\134}{subsection.5.5}% 23
\BOOKMARK [2][-]{subsection.5.6}{\376\377\117\123\140\001\217\307\156\041}{section.5}% 24
\BOOKMARK [2][-]{subsection.5.7}{\376\377\137\072\122\066\122\250\117\134\225\001\133\232\147\072\122\066}{section.5}% 25
\BOOKMARK [1][-]{section.6}{\376\377\116\244\116\222\174\373\176\337\000\040\000\050\000D\000r\000a\000g\000H\000a\000n\000d\000l\000e\000r\000\051}{}% 26
\BOOKMARK [2][-]{subsection.6.1}{\376\377\135\346\225\056\142\326\142\375}{section.6}% 27
\BOOKMARK [2][-]{subsection.6.2}{\376\377\123\363\225\056\203\334\123\125}{section.6}% 28
\BOOKMARK [2][-]{subsection.6.3}{\376\377\160\271\121\373\172\177\220\017\173\241\164\006}{section.6}% 29
\BOOKMARK [1][-]{section.7}{\376\377\116\012\116\013\145\207\203\334\123\125\000\040\000\050\000C\000o\000n\000t\000e\000x\000t\000M\000e\000n\000u\000\051}{}% 30
\BOOKMARK [2][-]{subsection.7.1}{\376\377\000U\000I\000\040\133\236\163\260}{section.7}% 31
\BOOKMARK [2][-]{subsection.7.2}{\376\377\122\237\200\375\123\072\127\337}{section.7}% 32
\BOOKMARK [2][-]{subsection.7.3}{\376\377\122\250\117\134\142\147\210\114\155\101\172\013}{section.7}% 33
\BOOKMARK [1][-]{section.8}{\376\377\155\367\124\010\156\062\147\323\000\040\000\050\000H\000y\000b\000r\000i\000d\000R\000e\000n\000d\000e\000r\000e\000r\000\051}{}% 34
\BOOKMARK [2][-]{subsection.8.1}{\376\377\213\276\213\241\166\356\150\007}{section.8}% 35
\BOOKMARK [2][-]{subsection.8.2}{\376\377\122\007\143\142\211\304\122\031}{section.8}% 36
\BOOKMARK [2][-]{subsection.8.3}{\376\377\143\245\123\343\213\276\213\241}{section.8}% 37
\BOOKMARK [1][-]{section.9}{\376\377\122\250\165\073\213\346\217\360}{}% 38
\BOOKMARK [2][-]{subsection.9.1}{\376\377\172\172\225\362\122\250\117\134\213\346\211\343}{section.9}% 39
\BOOKMARK [3][-]{subsubsection.9.1.1}{\376\377\122\250\117\134\000\040\0001\000\040\040\024\000\040\153\152\131\064}{subsection.9.1}% 40
\BOOKMARK [3][-]{subsubsection.9.1.2}{\376\377\122\250\117\134\000\040\0002\000\040\040\024\000\040\137\256\173\021}{subsection.9.1}% 41
\BOOKMARK [3][-]{subsubsection.9.1.3}{\376\377\122\250\117\134\000\040\0003\000\040\040\024\000\040\143\021\167\011}{subsection.9.1}% 42
\BOOKMARK [3][-]{subsubsection.9.1.4}{\376\377\122\250\117\134\000\040\0004\000\040\040\024\000\040\146\037\217\211\163\257\176\325}{subsection.9.1}% 43
\BOOKMARK [3][-]{subsubsection.9.1.5}{\376\377\122\250\117\134\000\040\0005\000\040\040\024\000\040\117\070\141\322\201\160}{subsection.9.1}% 44
\BOOKMARK [3][-]{subsubsection.9.1.6}{\376\377\122\250\117\134\000\040\0006\000\040\040\024\000\040\162\061\137\303\167\074}{subsection.9.1}% 45
\BOOKMARK [3][-]{subsubsection.9.1.7}{\376\377\122\250\117\134\000\040\0007\000\040\040\024\000\040\145\160\224\261}{subsection.9.1}% 46
\BOOKMARK [3][-]{subsubsection.9.1.8}{\376\377\122\250\117\134\000\040\0008\000\040\040\024\000\040\131\324\134\110}{subsection.9.1}% 47
\BOOKMARK [3][-]{subsubsection.9.1.9}{\376\377\122\250\117\134\000\040\0009\000\040\040\024\000\040\154\325\226\065\146\076\163\260}{subsection.9.1}% 48
\BOOKMARK [3][-]{subsubsection.9.1.10}{\376\377\122\250\117\134\000\040\0001\0000\000\040\040\024\000\040\133\263\177\236}{subsection.9.1}% 49
\BOOKMARK [2][-]{subsection.9.2}{\376\377\167\050\167\074\174\373\176\337}{section.9}% 50
\BOOKMARK [2][-]{subsection.9.3}{\376\377\124\174\124\070\116\016\137\256\122\250}{section.9}% 51
\BOOKMARK [1][-]{section.10}{\376\377\166\356\137\125\176\323\147\204}{}% 52
\BOOKMARK [1][-]{section.11}{\376\377\137\000\123\321\143\007\123\127}{}% 53
\BOOKMARK [2][-]{subsection.11.1}{\376\377\214\003\213\325\137\353\143\167\225\056}{section.11}% 54
\BOOKMARK [2][-]{subsection.11.2}{\376\377\214\003\123\302\143\007\123\127}{section.11}% 55
\BOOKMARK [2][-]{subsection.11.3}{\376\377\147\204\136\372\154\350\141\017}{section.11}% 56
\BOOKMARK [1][-]{section.12}{\376\377\162\110\147\054\123\206\123\362}{}% 57
